[spruko.com/demo/ynex/dist/html/index.html]
[backblue.gif]
[fade.gif]
[index.html]
[spruko.com/demo/ynex/dist/assets/libs/choices.js/public/assets/scripts/choices.min.js]
[spruko.com/demo/ynex/dist/assets/js/main.js]
[spruko.com/demo/ynex/dist/assets/libs/@popperjs/core/umd/popper.min.js]
[spruko.com/demo/ynex/dist/assets/libs/bootstrap/js/bootstrap.bundle.min.js]
[spruko.com/demo/ynex/dist/assets/js/defaultmenu.min.js]
[spruko.com/demo/ynex/dist/assets/libs/node-waves/waves.min.js]
[spruko.com/demo/ynex/dist/assets/js/sticky.js]
[spruko.com/demo/ynex/dist/assets/libs/simplebar/simplebar.min.js]
[spruko.com/demo/ynex/dist/assets/js/simplebar.js]
[spruko.com/demo/ynex/dist/assets/libs/@simonwep/pickr/pickr.es5.min.js]
[spruko.com/demo/ynex/dist/assets/libs/jsvectormap/js/jsvectormap.min.js]
[spruko.com/demo/ynex/dist/assets/libs/jsvectormap/maps/world-merc.js]
[spruko.com/demo/ynex/dist/assets/libs/apexcharts/apexcharts.min.js]
[spruko.com/demo/ynex/dist/assets/libs/chart.js/chart.min.js]
[spruko.com/demo/ynex/dist/assets/js/crm-dashboard.js]
[spruko.com/demo/ynex/dist/assets/js/custom.js]
[spruko.com/demo/ynex/dist/assets/js/custom-switcher.min.js]
[spruko.com/demo/ynex/dist/html/index.html]
[spruko.com/demo/ynex/dist/assets/libs/bootstrap/css/bootstrap.min.css]
[spruko.com/demo/ynex/dist/assets/css/styles.min.css]
[spruko.com/demo/ynex/dist/assets/css/icons.css]
[spruko.com/demo/ynex/dist/assets/libs/node-waves/waves.min.css]
[spruko.com/demo/ynex/dist/assets/libs/simplebar/simplebar.min.css]
[spruko.com/demo/ynex/dist/assets/libs/flatpickr/flatpickr.min.css]
[spruko.com/demo/ynex/dist/assets/libs/@simonwep/pickr/themes/nano.min.css]
[spruko.com/demo/ynex/dist/assets/libs/choices.js/public/assets/styles/choices.min.css]
[spruko.com/demo/ynex/dist/assets/libs/jsvectormap/css/jsvectormap.min.css]
[spruko.com/demo/ynex/dist/assets/libs/swiper/swiper-bundle.min.css]
[spruko.com/demo/ynex/dist/assets/icon-fonts/RemixIcons/fonts/remixicon0b0b.eot]
[spruko.com/demo/ynex/dist/assets/icon-fonts/RemixIcons/fonts/remixicon0b0b.woff2]
[spruko.com/demo/ynex/dist/assets/icon-fonts/RemixIcons/fonts/remixicon0b0b.woff]
[spruko.com/demo/ynex/dist/assets/icon-fonts/RemixIcons/fonts/remixicon0b0b.ttf]
[spruko.com/demo/ynex/dist/assets/icon-fonts/RemixIcons/fonts/remixicon.css]
[spruko.com/demo/ynex/dist/assets/icon-fonts/feather/fonts/feather/feather-webfont6cfa.eot]
[spruko.com/demo/ynex/dist/assets/icon-fonts/feather/fonts/feather/feather-webfont.ttf]
[spruko.com/demo/ynex/dist/assets/icon-fonts/feather/feather.css]
[spruko.com/demo/ynex/dist/assets/icon-fonts/bootstrap-icons/icons/font/fonts/bootstrap-iconse8a7.woff2]
[spruko.com/demo/ynex/dist/assets/icon-fonts/bootstrap-icons/icons/font/fonts/bootstrap-iconse8a7.woff]
[spruko.com/demo/ynex/dist/assets/icon-fonts/bootstrap-icons/icons/font/bootstrap-icons.css]
[spruko.com/demo/ynex/dist/assets/icon-fonts/tabler-icons/iconfont/fonts/tabler-icons.eot]
[spruko.com/demo/ynex/dist/assets/icon-fonts/tabler-icons/iconfont/fonts/tabler-iconsd41d.eot]
[spruko.com/demo/ynex/dist/assets/icon-fonts/tabler-icons/iconfont/fonts/tabler-icons.woff2]
[spruko.com/demo/ynex/dist/assets/icon-fonts/tabler-icons/iconfont/fonts/tabler-icons.woff]
[spruko.com/demo/ynex/dist/assets/icon-fonts/tabler-icons/iconfont/fonts/tabler-icons.ttf]
[spruko.com/demo/ynex/dist/assets/icon-fonts/tabler-icons/iconfont/tabler-icons.css]
[spruko.com/demo/ynex/dist/assets/icon-fonts/line-awesome/1.3.0/css/line-awesome.css]
[spruko.com/demo/ynex/dist/assets/icon-fonts/boxicons/css/boxicons.css]
[spruko.com/demo/ynex/dist/assets/icon-fonts/RemixIcons/fonts/remixicon0b0b.svg]
[spruko.com/demo/ynex/dist/assets/icon-fonts/feather/fonts/feather/feather-webfont.svg]
[spruko.com/demo/ynex/dist/assets/icon-fonts/tabler-icons/iconfont/fonts/tabler-icons.svg]
